  Start.cpp
C:\Program Files (x86)\Windows Kits\10\Include\10.0.18362.0\shared\minwindef.h(130,1): warning C4005: 'APIENTRY': macro redefinition
D:\Platformer\CPPGame-a38d0db726ab2ff89afdd02c18394bd0c58340c9\CPPGame-a38d0db726ab2ff89afdd02c18394bd0c58340c9\PlatformerGame\depend\GLFW\include\GLFW\glfw3.h(104): message : see previous definition of 'APIENTRY'
D:\Platformer\CPPGame-a38d0db726ab2ff89afdd02c18394bd0c58340c9\CPPGame-a38d0db726ab2ff89afdd02c18394bd0c58340c9\PlatformerGame\src\GameEngine\Start.cpp(49,87): warning C4554: '&': check operator precedence for possible error; use parentheses to clarify precedence
D:\Platformer\CPPGame-a38d0db726ab2ff89afdd02c18394bd0c58340c9\CPPGame-a38d0db726ab2ff89afdd02c18394bd0c58340c9\PlatformerGame\src\GameEngine\Start.cpp(68,50): warning C4244: '-=': conversion from 'double' to 'T', possible loss of data
          with
          [
              T=float
          ]
D:\Platformer\CPPGame-a38d0db726ab2ff89afdd02c18394bd0c58340c9\CPPGame-a38d0db726ab2ff89afdd02c18394bd0c58340c9\PlatformerGame\src\GameEngine\Start.cpp(69,53): warning C4244: '+=': conversion from 'double' to 'T', possible loss of data
          with
          [
              T=float
          ]
D:\Platformer\CPPGame-a38d0db726ab2ff89afdd02c18394bd0c58340c9\CPPGame-a38d0db726ab2ff89afdd02c18394bd0c58340c9\PlatformerGame\src\GameEngine\Start.cpp(70,53): warning C4244: '+=': conversion from 'double' to 'T', possible loss of data
          with
          [
              T=float
          ]
D:\Platformer\CPPGame-a38d0db726ab2ff89afdd02c18394bd0c58340c9\CPPGame-a38d0db726ab2ff89afdd02c18394bd0c58340c9\PlatformerGame\src\GameEngine\Start.cpp(71,54): warning C4244: '-=': conversion from 'double' to 'T', possible loss of data
          with
          [
              T=float
          ]
D:\Platformer\CPPGame-a38d0db726ab2ff89afdd02c18394bd0c58340c9\CPPGame-a38d0db726ab2ff89afdd02c18394bd0c58340c9\PlatformerGame\src\GameEngine\Start.cpp(72,50): warning C4244: '-=': conversion from 'double' to 'T', possible loss of data
          with
          [
              T=float
          ]
D:\Platformer\CPPGame-a38d0db726ab2ff89afdd02c18394bd0c58340c9\CPPGame-a38d0db726ab2ff89afdd02c18394bd0c58340c9\PlatformerGame\src\GameEngine\Start.cpp(73,50): warning C4244: '+=': conversion from 'double' to 'T', possible loss of data
          with
          [
              T=float
          ]
D:\Platformer\CPPGame-a38d0db726ab2ff89afdd02c18394bd0c58340c9\CPPGame-a38d0db726ab2ff89afdd02c18394bd0c58340c9\PlatformerGame\src\GameEngine\Start.cpp(246,41): warning C4244: 'argument': conversion from 'double' to 'float', possible loss of data
D:\Platformer\CPPGame-a38d0db726ab2ff89afdd02c18394bd0c58340c9\CPPGame-a38d0db726ab2ff89afdd02c18394bd0c58340c9\PlatformerGame\src\GameEngine\Start.cpp(325,8): warning C4551: function call missing argument list
LINK : warning LNK4098: defaultlib 'LIBCMT' conflicts with use of other libs; use /NODEFAULTLIB:library
  Generating code
  2 of 1286 functions ( 0.2%) were compiled, the rest were copied from previous compilation.
    0 functions were new in current compilation
    9 functions had inline decision re-evaluated but remain unchanged
  Finished generating code
glew32s.lib(glew.obj) : warning LNK4099: PDB 'vc120.pdb' was not found with 'glew32s.lib(glew.obj)' or at 'D:\Platformer\CPPGame-a38d0db726ab2ff89afdd02c18394bd0c58340c9\CPPGame-a38d0db726ab2ff89afdd02c18394bd0c58340c9\PlatformerGame\BIN\Release\vc120.pdb'; linking object as if no debug info
  PlatformerGame.vcxproj -> D:\Platformer\CPPGame-a38d0db726ab2ff89afdd02c18394bd0c58340c9\CPPGame-a38d0db726ab2ff89afdd02c18394bd0c58340c9\PlatformerGame\\BIN\Release\PlatformerGame.exe
