<<<<<<< HEAD
﻿  Start.cpp
C:\Program Files (x86)\Windows Kits\10\Include\10.0.17763.0\shared\minwindef.h(130,1): warning C4005:  'APIENTRY': macro redefinition
D:\Platformer\CPPGame\PlatformerGame\depend\GLFW\include\glfw3.h(104): message :  see previous definition of 'APIENTRY'
D:\Platformer\CPPGame\PlatformerGame\src\GameEngine\Start.cpp(22,35): warning C4244:  'argument': conversion from 'float' to 'int', possible loss of data
D:\Platformer\CPPGame\PlatformerGame\src\GameEngine\Start.cpp(22,29): warning C4244:  'argument': conversion from 'float' to 'int', possible loss of data
  TIleData.cpp
  Generating Code...
D:\Platformer\CPPGame\PlatformerGame\src\GameEngine\Start.cpp(97,8): warning C4551:  function call missing argument list
  PlatformerGame.vcxproj -> D:\Platformer\CPPGame\PlatformerGame\Debug\PlatformerGame.exe
=======
﻿  ShaderProgram.cpp
  Start.cpp
C:\Program Files (x86)\Windows Kits\10\Include\10.0.17763.0\shared\minwindef.h(130,1): warning C4005:  'APIENTRY': macro redefinition
D:\Platformer\PlatformerGame\depend\GLFW\include\GLFW\glfw3.h(104): message :  see previous definition of 'APIENTRY'
D:\Platformer\PlatformerGame\src\GameEngine\HeaderFiles\Model.h(10,15): warning C4200:  nonstandard extension used: zero-sized array in struct/union
D:\Platformer\PlatformerGame\src\GameEngine\HeaderFiles\Model.h(10,15): message :  This member will be ignored by a defaulted constructor or copy/move assignment operator
  Generating Code...
D:\Platformer\PlatformerGame\src\GameEngine\Start.cpp(75,8): warning C4551:  function call missing argument list
  PlatformerGame.vcxproj -> D:\Platformer\PlatformerGame\Debug\PlatformerGame.exe
>>>>>>> parent of a38d0db... added a whole lot
