  Start.cpp
C:\Program Files (x86)\Windows Kits\10\Include\10.0.18362.0\shared\minwindef.h(130,1): warning C4005: 'APIENTRY': macro redefinition
D:\Platformer\CPPGame-a38d0db726ab2ff89afdd02c18394bd0c58340c9\CPPGame-a38d0db726ab2ff89afdd02c18394bd0c58340c9\PlatformerGame\depend\GLFW\include\GLFW\glfw3.h(104): message : see previous definition of 'APIENTRY'
D:\Platformer\CPPGame-a38d0db726ab2ff89afdd02c18394bd0c58340c9\CPPGame-a38d0db726ab2ff89afdd02c18394bd0c58340c9\PlatformerGame\src\GameEngine\Start.cpp(49,87): warning C4554: '&': check operator precedence for possible error; use parentheses to clarify precedence
D:\Platformer\CPPGame-a38d0db726ab2ff89afdd02c18394bd0c58340c9\CPPGame-a38d0db726ab2ff89afdd02c18394bd0c58340c9\PlatformerGame\src\GameEngine\Start.cpp(68,50): warning C4244: '-=': conversion from 'double' to 'T', possible loss of data
          with
          [
              T=float
          ]
D:\Platformer\CPPGame-a38d0db726ab2ff89afdd02c18394bd0c58340c9\CPPGame-a38d0db726ab2ff89afdd02c18394bd0c58340c9\PlatformerGame\src\GameEngine\Start.cpp(69,53): warning C4244: '+=': conversion from 'double' to 'T', possible loss of data
          with
          [
              T=float
          ]
D:\Platformer\CPPGame-a38d0db726ab2ff89afdd02c18394bd0c58340c9\CPPGame-a38d0db726ab2ff89afdd02c18394bd0c58340c9\PlatformerGame\src\GameEngine\Start.cpp(70,53): warning C4244: '+=': conversion from 'double' to 'T', possible loss of data
          with
          [
              T=float
          ]
D:\Platformer\CPPGame-a38d0db726ab2ff89afdd02c18394bd0c58340c9\CPPGame-a38d0db726ab2ff89afdd02c18394bd0c58340c9\PlatformerGame\src\GameEngine\Start.cpp(71,54): warning C4244: '-=': conversion from 'double' to 'T', possible loss of data
          with
          [
              T=float
          ]
D:\Platformer\CPPGame-a38d0db726ab2ff89afdd02c18394bd0c58340c9\CPPGame-a38d0db726ab2ff89afdd02c18394bd0c58340c9\PlatformerGame\src\GameEngine\Start.cpp(72,50): warning C4244: '-=': conversion from 'double' to 'T', possible loss of data
          with
          [
              T=float
          ]
D:\Platformer\CPPGame-a38d0db726ab2ff89afdd02c18394bd0c58340c9\CPPGame-a38d0db726ab2ff89afdd02c18394bd0c58340c9\PlatformerGame\src\GameEngine\Start.cpp(73,50): warning C4244: '+=': conversion from 'double' to 'T', possible loss of data
          with
          [
              T=float
          ]
D:\Platformer\CPPGame-a38d0db726ab2ff89afdd02c18394bd0c58340c9\CPPGame-a38d0db726ab2ff89afdd02c18394bd0c58340c9\PlatformerGame\src\GameEngine\Start.cpp(243,49): warning C4244: 'argument': conversion from 'T' to 'int', possible loss of data
          with
          [
              T=float
          ]
D:\Platformer\CPPGame-a38d0db726ab2ff89afdd02c18394bd0c58340c9\CPPGame-a38d0db726ab2ff89afdd02c18394bd0c58340c9\PlatformerGame\src\GameEngine\Start.cpp(243,38): warning C4244: 'argument': conversion from 'T' to 'int', possible loss of data
          with
          [
              T=float
          ]
D:\Platformer\CPPGame-a38d0db726ab2ff89afdd02c18394bd0c58340c9\CPPGame-a38d0db726ab2ff89afdd02c18394bd0c58340c9\PlatformerGame\src\GameEngine\Start.cpp(310,8): warning C4551: function call missing argument list
  Terrain.cpp
D:\Platformer\CPPGame-a38d0db726ab2ff89afdd02c18394bd0c58340c9\CPPGame-a38d0db726ab2ff89afdd02c18394bd0c58340c9\PlatformerGame\src\GameEngine\Terrain.cpp(35,20): warning C4244: '=': conversion from 'int' to 'float', possible loss of data
D:\Platformer\CPPGame-a38d0db726ab2ff89afdd02c18394bd0c58340c9\CPPGame-a38d0db726ab2ff89afdd02c18394bd0c58340c9\PlatformerGame\src\GameEngine\Terrain.cpp(36,15): warning C4244: 'initializing': conversion from 'float' to 'int', possible loss of data
D:\Platformer\CPPGame-a38d0db726ab2ff89afdd02c18394bd0c58340c9\CPPGame-a38d0db726ab2ff89afdd02c18394bd0c58340c9\PlatformerGame\src\GameEngine\Terrain.cpp(38,32): warning C4244: 'initializing': conversion from 'float' to 'unsigned int', possible loss of data
D:\Platformer\CPPGame-a38d0db726ab2ff89afdd02c18394bd0c58340c9\CPPGame-a38d0db726ab2ff89afdd02c18394bd0c58340c9\PlatformerGame\src\GameEngine\Terrain.cpp(40,32): warning C4244: 'initializing': conversion from 'float' to 'unsigned int', possible loss of data
D:\Platformer\CPPGame-a38d0db726ab2ff89afdd02c18394bd0c58340c9\CPPGame-a38d0db726ab2ff89afdd02c18394bd0c58340c9\PlatformerGame\src\GameEngine\Terrain.cpp(47,52): warning C4244: 'argument': conversion from 'float' to 'const unsigned int', possible loss of data
D:\Platformer\CPPGame-a38d0db726ab2ff89afdd02c18394bd0c58340c9\CPPGame-a38d0db726ab2ff89afdd02c18394bd0c58340c9\PlatformerGame\src\GameEngine\Terrain.cpp(66,25): warning C4244: 'initializing': conversion from 'float' to 'int', possible loss of data
D:\Platformer\CPPGame-a38d0db726ab2ff89afdd02c18394bd0c58340c9\CPPGame-a38d0db726ab2ff89afdd02c18394bd0c58340c9\PlatformerGame\src\GameEngine\Terrain.cpp(68,28): warning C4244: 'initializing': conversion from 'float' to 'int', possible loss of data
D:\Platformer\CPPGame-a38d0db726ab2ff89afdd02c18394bd0c58340c9\CPPGame-a38d0db726ab2ff89afdd02c18394bd0c58340c9\PlatformerGame\src\GameEngine\Terrain.cpp(168,10): warning C4244: 'initializing': conversion from 'float' to 'int', possible loss of data
D:\Platformer\CPPGame-a38d0db726ab2ff89afdd02c18394bd0c58340c9\CPPGame-a38d0db726ab2ff89afdd02c18394bd0c58340c9\PlatformerGame\src\GameEngine\Terrain.cpp(169,10): warning C4244: 'initializing': conversion from 'float' to 'int', possible loss of data
  Generating Code...
  PlatformerGame.vcxproj -> D:\Platformer\CPPGame-a38d0db726ab2ff89afdd02c18394bd0c58340c9\CPPGame-a38d0db726ab2ff89afdd02c18394bd0c58340c9\PlatformerGame\Debug\PlatformerGame.exe
